04/23/2026 02:29:37 PM - humann.humann - INFO: Running humann v3.9
04/23/2026 02:29:37 PM - humann.humann - INFO: Output files will be written to: /media/sf_SF/Stage_BIT11/HUMAnN3/test
04/23/2026 02:29:37 PM - humann.humann - INFO: Writing temp files to directory: /media/sf_SF/Stage_BIT11/HUMAnN3/test/demo_humann_temp
04/23/2026 02:29:37 PM - humann.utilities - INFO: File ( /media/sf_SF/Stage_BIT11/HUMAnN3/demo.fastq.gz ) is of format:  fastq.gz
04/23/2026 02:29:37 PM - humann.utilities - INFO: Decompressing gzipped file ...
04/23/2026 02:29:40 PM - humann.utilities - DEBUG: Check software, metaphlan, for required version, 3.0
04/23/2026 02:29:41 PM - humann.utilities - INFO: Using metaphlan version 3.1
04/23/2026 02:29:41 PM - humann.utilities - DEBUG: Check software, bowtie2, for required version, 2.2
04/23/2026 02:29:42 PM - humann.utilities - INFO: Using bowtie2 version 2.5
04/23/2026 02:29:42 PM - humann.humann - INFO: Search mode set to uniref90 because a uniref90 translated search database is selected
04/23/2026 02:29:42 PM - humann.utilities - DEBUG: Check software, diamond, for required version, 2.0.15
04/23/2026 02:29:42 PM - humann.utilities - INFO: Using diamond version 2.1.10
04/23/2026 02:29:42 PM - humann.config - INFO: 
Run config settings: 

DATABASE SETTINGS
nucleotide database folder = /media/sf_SF/Stage_BIT11/HUMAnN3/humann_dbs/chocophlan
protein database folder = /media/sf_SF/Stage_BIT11/HUMAnN3/humann_dbs/uniref
pathways database file 1 = /home/guest/miniconda3/envs/humann3/lib/python3.7/site-packages/humann/data/pathways/metacyc_reactions_level4ec_only.uniref.bz2
pathways database file 2 = /home/guest/miniconda3/envs/humann3/lib/python3.7/site-packages/humann/data/pathways/metacyc_pathways_structured_filtered_v24_subreactions
utility mapping database folder = /media/sf_SF/Stage_BIT11/HUMAnN3/humann_dbs/utility_mapping

RUN MODES
resume = True
verbose = False
bypass prescreen = False
bypass nucleotide index = False
bypass nucleotide search = False
bypass translated search = False
translated search = diamond
threads = 1

SEARCH MODE
search mode = uniref90
nucleotide identity threshold = 0.0
translated identity threshold = 80.0

ALIGNMENT SETTINGS
bowtie2 options = --very-sensitive
diamond options = --top 1 --outfmt 6
evalue threshold = 1.0
prescreen threshold = 0.01
translated subject coverage threshold = 50.0
translated query coverage threshold = 90.0
nucleotide subject coverage threshold = 50.0
nucleotide query coverage threshold = 90.0

PATHWAYS SETTINGS
minpath = on
xipe = off
gap fill = on

INPUT AND OUTPUT FORMATS
input file format = fastq.gz
output file format = tsv
output max decimals = 10
remove stratified output = False
remove column description output = False
log level = DEBUG

04/23/2026 02:29:42 PM - humann.store - DEBUG: Initialize Alignments class instance to minimize memory use
04/23/2026 02:29:42 PM - humann.store - DEBUG: Initialize Reads class instance to minimize memory use
04/23/2026 02:29:55 PM - humann.humann - INFO: Load pathways database part 1: /home/guest/miniconda3/envs/humann3/lib/python3.7/site-packages/humann/data/pathways/metacyc_reactions_level4ec_only.uniref.bz2
04/23/2026 02:29:55 PM - humann.humann - INFO: Load pathways database part 2: /home/guest/miniconda3/envs/humann3/lib/python3.7/site-packages/humann/data/pathways/metacyc_pathways_structured_filtered_v24_subreactions
04/23/2026 02:29:55 PM - humann.search.prescreen - INFO: Running metaphlan ........
04/23/2026 02:29:55 PM - humann.utilities - DEBUG: Using software: /home/guest/miniconda3/envs/humann3/bin/metaphlan
04/23/2026 02:29:55 PM - humann.humann - INFO: TIMESTAMP: Completed 	prescreen 	:	 0	 seconds
04/23/2026 02:29:55 PM - humann.search.prescreen - INFO: Found g__Bacteroides.s__Bacteroides_ovatus : 66.94% of mapped reads
04/23/2026 02:29:55 PM - humann.search.prescreen - INFO: Found g__Bacteroides.s__Bacteroides_sp_CAG_927 : 33.06% of mapped reads
04/23/2026 02:29:55 PM - humann.search.prescreen - INFO: Total species selected from prescreen: 2
04/23/2026 02:29:55 PM - humann.search.prescreen - DEBUG: 

None of the species selected from the prescreen were found in the ChocoPhlAn database.
Because of this the custom ChocoPhlAn database is empty.
This will result in zero species-specific gene families and pathways.


04/23/2026 02:29:55 PM - humann.humann - INFO: TIMESTAMP: Completed 	custom database creation 	:	 0	 seconds
04/23/2026 02:29:55 PM - humann.humann - DEBUG: Custom database is empty
04/23/2026 02:29:55 PM - humann.store - DEBUG: Initialize Reads class instance to minimize memory use
04/23/2026 02:30:06 PM - humann.utilities - DEBUG: Remove file: /media/sf_SF/Stage_BIT11/HUMAnN3/test/demo_humann_temp/tmpd7x7vsj3/tmpxap48y_6
04/23/2026 02:30:06 PM - humann.search.translated - DEBUG: Convert unaligned reads fastq file to fasta
04/23/2026 02:30:12 PM - humann.search.translated - INFO: Running diamond ........
04/23/2026 02:30:12 PM - humann.search.translated - INFO: Bypass
04/23/2026 02:30:12 PM - humann.utilities - DEBUG: Remove file: /media/sf_SF/Stage_BIT11/HUMAnN3/test/demo_humann_temp/tmpd7x7vsj3/tmpuwib3u2z
04/23/2026 02:30:12 PM - humann.humann - INFO: TIMESTAMP: Completed 	translated alignment 	:	 17	 seconds
04/23/2026 02:30:13 PM - humann.utilities - DEBUG: Total alignments where percent identity is not a number: 0
04/23/2026 02:30:13 PM - humann.utilities - DEBUG: Total alignments where alignment length is not a number: 0
04/23/2026 02:30:13 PM - humann.utilities - DEBUG: Total alignments where E-value is not a number: 0
04/23/2026 02:30:13 PM - humann.utilities - DEBUG: Total alignments not included based on large e-value: 0
04/23/2026 02:30:13 PM - humann.utilities - DEBUG: Total alignments not included based on small percent identity: 23425
04/23/2026 02:30:13 PM - humann.utilities - DEBUG: Total alignments not included based on small query coverage: 8350
04/23/2026 02:30:13 PM - humann.search.blastx_coverage - INFO: Total alignments without coverage information: 0
04/23/2026 02:30:13 PM - humann.search.blastx_coverage - INFO: Total proteins in blastx output: 44758
04/23/2026 02:30:13 PM - humann.search.blastx_coverage - INFO: Total proteins without lengths: 0
04/23/2026 02:30:13 PM - humann.search.blastx_coverage - INFO: Proteins with coverage greater than threshold (50.0): 1825
04/23/2026 02:30:16 PM - humann.utilities - DEBUG: Total alignments where percent identity is not a number: 0
04/23/2026 02:30:16 PM - humann.utilities - DEBUG: Total alignments where alignment length is not a number: 0
04/23/2026 02:30:16 PM - humann.utilities - DEBUG: Total alignments where E-value is not a number: 0
04/23/2026 02:30:16 PM - humann.utilities - DEBUG: Total alignments not included based on large e-value: 0
04/23/2026 02:30:16 PM - humann.utilities - DEBUG: Total alignments not included based on small percent identity: 23425
04/23/2026 02:30:16 PM - humann.utilities - DEBUG: Total alignments not included based on small query coverage: 8350
04/23/2026 02:30:16 PM - humann.search.translated - DEBUG: Total translated alignments not included based on small subject coverage value: 127535
04/23/2026 02:30:27 PM - humann.utilities - DEBUG: Remove file: /media/sf_SF/Stage_BIT11/HUMAnN3/test/demo_humann_temp/tmpd7x7vsj3/tmplxe72hwy
04/23/2026 02:30:27 PM - humann.humann - INFO: TIMESTAMP: Completed 	translated alignment post-processing 	:	 15	 seconds
04/23/2026 02:30:27 PM - humann.humann - INFO: Total bugs after translated alignment: 1
04/23/2026 02:30:27 PM - humann.humann - INFO: 
unclassified: 58349 hits
04/23/2026 02:30:27 PM - humann.humann - INFO: Total gene families after translated alignment: 1825
04/23/2026 02:30:27 PM - humann.humann - INFO: Unaligned reads after translated alignment: 62.8895084661 %
04/23/2026 02:30:27 PM - humann.humann - INFO: Computing gene families ...
04/23/2026 02:30:27 PM - humann.quantify.families - DEBUG: Compute gene families
04/23/2026 02:30:28 PM - humann.store - INFO: 
Total gene families  : 1825
unclassified : 1825 gene families
04/23/2026 02:30:39 PM - humann.humann - INFO: TIMESTAMP: Completed 	computing gene families 	:	 12	 seconds
04/23/2026 02:30:39 PM - humann.humann - INFO: Computing pathways abundance and coverage ...
04/23/2026 02:30:39 PM - humann.quantify.modules - DEBUG: Write flat reactions to pathways file for Minpath
04/23/2026 02:30:39 PM - humann.quantify.modules - INFO: Compute reaction scores for bug: unclassified
04/23/2026 02:30:40 PM - humann.quantify.modules - INFO: Run MinPath on unclassified
04/23/2026 02:30:40 PM - humann.quantify.modules - INFO: Compute reaction scores for bug: all
04/23/2026 02:30:41 PM - humann.quantify.modules - INFO: Run MinPath on all
04/23/2026 02:30:41 PM - humann.utilities - DEBUG: Using python module : /home/guest/miniconda3/envs/humann3/lib/python3.7/site-packages/humann/quantify/MinPath12hmp.py
04/23/2026 02:30:41 PM - humann.utilities - INFO: Execute command: /home/guest/miniconda3/envs/humann3/bin/python3.7 /home/guest/miniconda3/envs/humann3/lib/python3.7/site-packages/humann/quantify/MinPath12hmp.py -any /media/sf_SF/Stage_BIT11/HUMAnN3/test/demo_humann_temp/tmpd7x7vsj3/tmp3l74y3v_ -map /media/sf_SF/Stage_BIT11/HUMAnN3/test/demo_humann_temp/tmpd7x7vsj3/tmp8hs6p0_1 -report /media/sf_SF/Stage_BIT11/HUMAnN3/test/demo_humann_temp/tmpd7x7vsj3/tmp4azu5i0d -details /media/sf_SF/Stage_BIT11/HUMAnN3/test/demo_humann_temp/tmpd7x7vsj3/tmpor3jh9vw -mps /media/sf_SF/Stage_BIT11/HUMAnN3/test/demo_humann_temp/tmpd7x7vsj3/tmpj77sa46v
04/23/2026 02:30:41 PM - humann.utilities - DEBUG: Using python module : /home/guest/miniconda3/envs/humann3/lib/python3.7/site-packages/humann/quantify/MinPath12hmp.py
04/23/2026 02:30:41 PM - humann.utilities - INFO: Execute command: /home/guest/miniconda3/envs/humann3/bin/python3.7 /home/guest/miniconda3/envs/humann3/lib/python3.7/site-packages/humann/quantify/MinPath12hmp.py -any /media/sf_SF/Stage_BIT11/HUMAnN3/test/demo_humann_temp/tmpd7x7vsj3/tmp_52i2gwn -map /media/sf_SF/Stage_BIT11/HUMAnN3/test/demo_humann_temp/tmpd7x7vsj3/tmp8hs6p0_1 -report /media/sf_SF/Stage_BIT11/HUMAnN3/test/demo_humann_temp/tmpd7x7vsj3/tmph53r2r5z -details /media/sf_SF/Stage_BIT11/HUMAnN3/test/demo_humann_temp/tmpd7x7vsj3/tmphsap2sxx -mps /media/sf_SF/Stage_BIT11/HUMAnN3/test/demo_humann_temp/tmpd7x7vsj3/tmp16bcm41a
04/23/2026 02:30:42 PM - humann.quantify.modules - DEBUG: Compute pathway abundance for bug: unclassified
04/23/2026 02:30:42 PM - humann.quantify.modules - DEBUG: Compute pathway abundance for bug: all
04/23/2026 02:30:44 PM - humann.quantify.modules - DEBUG: Compute pathway coverage for bug: unclassified
04/23/2026 02:30:44 PM - humann.quantify.modules - DEBUG: Compute pathway coverage for bug: all
04/23/2026 02:30:44 PM - humann.quantify.modules - DEBUG: Print pathways _Abundance
04/23/2026 02:30:44 PM - humann.quantify.modules - DEBUG: Print pathways _Coverage
04/23/2026 02:30:44 PM - humann.humann - INFO: TIMESTAMP: Completed 	computing pathways 	:	 5	 seconds
04/23/2026 02:30:44 PM - humann.humann - INFO: 
Output files created: 
/media/sf_SF/Stage_BIT11/HUMAnN3/test/demo_genefamilies.tsv
/media/sf_SF/Stage_BIT11/HUMAnN3/test/demo_pathabundance.tsv
/media/sf_SF/Stage_BIT11/HUMAnN3/test/demo_pathcoverage.tsv

04/23/2026 02:30:44 PM - humann.utilities - DEBUG: Remove directory: /media/sf_SF/Stage_BIT11/HUMAnN3/test/demo_humann_temp/tmpd7x7vsj3
